# Logfile created on 2014-06-24 20:18:24 +0100 by logger.rb/41954
I, [2014-06-24T20:18:24.253901 #4272]  INFO -- : 0:  rake (10.3.2) from /Users/edwardelliott/.rvm/gems/ruby-2.0.0-p353/specifications/rake-10.3.2.gemspec
I, [2014-06-24T20:18:24.254321 #4272]  INFO -- : 0:  addressable (2.3.6) from /Users/edwardelliott/.rvm/gems/ruby-2.0.0-p353/specifications/addressable-2.3.6.gemspec
I, [2014-06-24T20:18:24.254661 #4272]  INFO -- : 0:  extlib (0.9.16) from /Users/edwardelliott/.rvm/gems/ruby-2.0.0-p353/specifications/extlib-0.9.16.gemspec
I, [2014-06-24T20:18:24.254969 #4272]  INFO -- : 0:  multi_json (1.10.1) from /Users/edwardelliott/.rvm/gems/ruby-2.0.0-p353/specifications/multi_json-1.10.1.gemspec
I, [2014-06-24T20:18:24.255284 #4272]  INFO -- : 0:  autoparse (0.3.3) from /Users/edwardelliott/.rvm/gems/ruby-2.0.0-p353/specifications/autoparse-0.3.3.gemspec
I, [2014-06-24T20:18:24.255559 #4272]  INFO -- : 0:  multipart-post (2.0.0) from /Users/edwardelliott/.rvm/gems/ruby-2.0.0-p353/specifications/multipart-post-2.0.0.gemspec
I, [2014-06-24T20:18:24.255830 #4272]  INFO -- : 0:  faraday (0.9.0) from /Users/edwardelliott/.rvm/gems/ruby-2.0.0-p353/specifications/faraday-0.9.0.gemspec
I, [2014-06-24T20:18:24.256093 #4272]  INFO -- : 0:  jwt (1.0.0) from /Users/edwardelliott/.rvm/gems/ruby-2.0.0-p353/specifications/jwt-1.0.0.gemspec
I, [2014-06-24T20:18:24.256401 #4272]  INFO -- : 0:  launchy (2.4.2) from /Users/edwardelliott/.rvm/gems/ruby-2.0.0-p353/specifications/launchy-2.4.2.gemspec
I, [2014-06-24T20:18:24.256672 #4272]  INFO -- : 0:  retriable (1.4.1) from /Users/edwardelliott/.rvm/gems/ruby-2.0.0-p353/specifications/retriable-1.4.1.gemspec
I, [2014-06-24T20:18:24.256940 #4272]  INFO -- : 0:  signet (0.5.1) from /Users/edwardelliott/.rvm/gems/ruby-2.0.0-p353/specifications/signet-0.5.1.gemspec
I, [2014-06-24T20:18:24.257207 #4272]  INFO -- : 0:  uuidtools (2.1.4) from /Users/edwardelliott/.rvm/gems/ruby-2.0.0-p353/specifications/uuidtools-2.1.4.gemspec
I, [2014-06-24T20:18:24.257474 #4272]  INFO -- : 0:  google-api-client (0.7.1) from /Users/edwardelliott/.rvm/gems/ruby-2.0.0-p353/specifications/google-api-client-0.7.1.gemspec
I, [2014-06-24T20:18:24.257743 #4272]  INFO -- : 0:  json (1.8.1) from /Users/edwardelliott/.rvm/gems/ruby-2.0.0-p353/specifications/json-1.8.1.gemspec
I, [2014-06-24T20:18:24.258008 #4272]  INFO -- : 0:  rack (1.5.2) from /Users/edwardelliott/.rvm/gems/ruby-2.0.0-p353/specifications/rack-1.5.2.gemspec
I, [2014-06-24T20:18:24.258295 #4272]  INFO -- : 0:  rack-protection (1.5.3) from /Users/edwardelliott/.rvm/gems/ruby-2.0.0-p353/specifications/rack-protection-1.5.3.gemspec
I, [2014-06-24T20:18:24.258554 #4272]  INFO -- : 0:  tilt (1.4.1) from /Users/edwardelliott/.rvm/gems/ruby-2.0.0-p353/specifications/tilt-1.4.1.gemspec
I, [2014-06-24T20:18:24.258789 #4272]  INFO -- : 0:  sinatra (1.4.5) from /Users/edwardelliott/.rvm/gems/ruby-2.0.0-p353/specifications/sinatra-1.4.5.gemspec
I, [2014-06-24T20:18:24.259058 #4272]  INFO -- : 0:  sqlite3 (1.3.9) from /Users/edwardelliott/.rvm/gems/ruby-2.0.0-p353/specifications/sqlite3-1.3.9.gemspec
I, [2014-06-24T20:18:24.259381 #4272]  INFO -- : 0:  bundler (1.5.1) from /Users/edwardelliott/.rvm/gems/ruby-2.0.0-p353/specifications/bundler-1.5.1.gemspec
I, [2014-06-25T19:10:54.617426 #8745]  INFO -- : 0:  rake (10.3.2) from /Users/edwardelliott/.rvm/gems/ruby-2.0.0-p353/specifications/rake-10.3.2.gemspec
I, [2014-06-25T19:10:54.618192 #8745]  INFO -- : 0:  i18n (0.6.9) from /Users/edwardelliott/.rvm/gems/ruby-2.0.0-p353/specifications/i18n-0.6.9.gemspec
I, [2014-06-25T19:10:54.618474 #8745]  INFO -- : 0:  json (1.8.1) from /Users/edwardelliott/.rvm/gems/ruby-2.0.0-p353/specifications/json-1.8.1.gemspec
I, [2014-06-25T19:10:54.618731 #8745]  INFO -- : 0:  minitest (5.3.5) from /Users/edwardelliott/.rvm/gems/ruby-2.0.0-p353/specifications/minitest-5.3.5.gemspec
I, [2014-06-25T19:10:54.618970 #8745]  INFO -- : 0:  thread_safe (0.3.4) from /Users/edwardelliott/.rvm/gems/ruby-2.0.0-p353/specifications/thread_safe-0.3.4.gemspec
I, [2014-06-25T19:10:54.619218 #8745]  INFO -- : 0:  tzinfo (1.2.1) from /Users/edwardelliott/.rvm/gems/ruby-2.0.0-p353/specifications/tzinfo-1.2.1.gemspec
I, [2014-06-25T19:10:54.619491 #8745]  INFO -- : 0:  activesupport (4.1.1) from /Users/edwardelliott/.rvm/gems/ruby-2.0.0-p353/specifications/activesupport-4.1.1.gemspec
I, [2014-06-25T19:10:54.619735 #8745]  INFO -- : 0:  addressable (2.3.6) from /Users/edwardelliott/.rvm/gems/ruby-2.0.0-p353/specifications/addressable-2.3.6.gemspec
I, [2014-06-25T19:10:54.620032 #8745]  INFO -- : 0:  extlib (0.9.16) from /Users/edwardelliott/.rvm/gems/ruby-2.0.0-p353/specifications/extlib-0.9.16.gemspec
I, [2014-06-25T19:10:54.620289 #8745]  INFO -- : 0:  multi_json (1.10.1) from /Users/edwardelliott/.rvm/gems/ruby-2.0.0-p353/specifications/multi_json-1.10.1.gemspec
I, [2014-06-25T19:10:54.620571 #8745]  INFO -- : 0:  autoparse (0.3.3) from /Users/edwardelliott/.rvm/gems/ruby-2.0.0-p353/specifications/autoparse-0.3.3.gemspec
I, [2014-06-25T19:10:54.620861 #8745]  INFO -- : 0:  coderay (1.1.0) from /Users/edwardelliott/.rvm/gems/ruby-2.0.0-p353/specifications/coderay-1.1.0.gemspec
I, [2014-06-25T19:10:54.621152 #8745]  INFO -- : 0:  erubis (2.7.0) from /Users/edwardelliott/.rvm/gems/ruby-2.0.0-p353/specifications/erubis-2.7.0.gemspec
I, [2014-06-25T19:10:54.621444 #8745]  INFO -- : 0:  better_errors (1.1.0) from /Users/edwardelliott/.rvm/gems/ruby-2.0.0-p353/specifications/better_errors-1.1.0.gemspec
I, [2014-06-25T19:10:54.621691 #8745]  INFO -- : 0:  debug_inspector (0.0.2) from /Users/edwardelliott/.rvm/gems/ruby-2.0.0-p353/specifications/debug_inspector-0.0.2.gemspec
I, [2014-06-25T19:10:54.621923 #8745]  INFO -- : 0:  binding_of_caller (0.7.2) from /Users/edwardelliott/.rvm/gems/ruby-2.0.0-p353/specifications/binding_of_caller-0.7.2.gemspec
I, [2014-06-25T19:10:54.622172 #8745]  INFO -- : 0:  builder (3.2.2) from /Users/edwardelliott/.rvm/gems/ruby-2.0.0-p353/specifications/builder-3.2.2.gemspec
I, [2014-06-25T19:10:54.622417 #8745]  INFO -- : 0:  columnize (0.8.9) from /Users/edwardelliott/.rvm/gems/ruby-2.0.0-p353/specifications/columnize-0.8.9.gemspec
I, [2014-06-25T19:10:54.622666 #8745]  INFO -- : 0:  debugger-linecache (1.2.0) from /Users/edwardelliott/.rvm/gems/ruby-2.0.0-p353/specifications/debugger-linecache-1.2.0.gemspec
I, [2014-06-25T19:10:54.622920 #8745]  INFO -- : 0:  byebug (3.1.2) from /Users/edwardelliott/.rvm/gems/ruby-2.0.0-p353/specifications/byebug-3.1.2.gemspec
I, [2014-06-25T19:10:54.623239 #8745]  INFO -- : 0:  mime-types (2.3) from /Users/edwardelliott/.rvm/gems/ruby-2.0.0-p353/specifications/mime-types-2.3.gemspec
I, [2014-06-25T19:10:54.623589 #8745]  INFO -- : 0:  mini_portile (0.6.0) from /Users/edwardelliott/.rvm/gems/ruby-2.0.0-p353/specifications/mini_portile-0.6.0.gemspec
I, [2014-06-25T19:10:54.624046 #8745]  INFO -- : 0:  nokogiri (1.6.2.1) from /Users/edwardelliott/.rvm/gems/ruby-2.0.0-p353/specifications/nokogiri-1.6.2.1.gemspec
I, [2014-06-25T19:10:54.624454 #8745]  INFO -- : 0:  rack (1.5.2) from /Users/edwardelliott/.rvm/gems/ruby-2.0.0-p353/specifications/rack-1.5.2.gemspec
I, [2014-06-25T19:10:54.624808 #8745]  INFO -- : 0:  rack-test (0.6.2) from /Users/edwardelliott/.rvm/gems/ruby-2.0.0-p353/specifications/rack-test-0.6.2.gemspec
I, [2014-06-25T19:10:54.625167 #8745]  INFO -- : 0:  xpath (2.0.0) from /Users/edwardelliott/.rvm/gems/ruby-2.0.0-p353/specifications/xpath-2.0.0.gemspec
I, [2014-06-25T19:10:54.625517 #8745]  INFO -- : 0:  capybara (2.3.0) from /Users/edwardelliott/.rvm/gems/ruby-2.0.0-p353/specifications/capybara-2.3.0.gemspec
I, [2014-06-25T19:10:54.625940 #8745]  INFO -- : 0:  ffi (1.9.3) from /Users/edwardelliott/.rvm/gems/ruby-2.0.0-p353/specifications/ffi-1.9.3.gemspec
I, [2014-06-25T19:10:54.626276 #8745]  INFO -- : 0:  childprocess (0.5.3) from /Users/edwardelliott/.rvm/gems/ruby-2.0.0-p353/specifications/childprocess-0.5.3.gemspec
I, [2014-06-25T19:10:54.626584 #8745]  INFO -- : 0:  cliver (0.3.2) from /Users/edwardelliott/.rvm/gems/ruby-2.0.0-p353/specifications/cliver-0.3.2.gemspec
I, [2014-06-25T19:10:54.626909 #8745]  INFO -- : 0:  diff-lcs (1.2.5) from /Users/edwardelliott/.rvm/gems/ruby-2.0.0-p353/specifications/diff-lcs-1.2.5.gemspec
I, [2014-06-25T19:10:54.627217 #8745]  INFO -- : 0:  gherkin (2.12.2) from /Users/edwardelliott/.rvm/gems/ruby-2.0.0-p353/specifications/gherkin-2.12.2.gemspec
I, [2014-06-25T19:10:54.627430 #8745]  INFO -- : 0:  multi_test (0.1.1) from /Users/edwardelliott/.rvm/gems/ruby-2.0.0-p353/specifications/multi_test-0.1.1.gemspec
I, [2014-06-25T19:10:54.627653 #8745]  INFO -- : 0:  cucumber (1.3.15) from /Users/edwardelliott/.rvm/gems/ruby-2.0.0-p353/specifications/cucumber-1.3.15.gemspec
I, [2014-06-25T19:10:54.627871 #8745]  INFO -- : 0:  highline (1.6.21) from /Users/edwardelliott/.rvm/gems/ruby-2.0.0-p353/specifications/highline-1.6.21.gemspec
I, [2014-06-25T19:10:54.628063 #8745]  INFO -- : 0:  templater (1.0.0) from /Users/edwardelliott/.rvm/gems/ruby-2.0.0-p353/specifications/templater-1.0.0.gemspec
I, [2014-06-25T19:10:54.628256 #8745]  INFO -- : 0:  cucumber-sinatra (0.5.0) from /Users/edwardelliott/.rvm/gems/ruby-2.0.0-p353/specifications/cucumber-sinatra-0.5.0.gemspec
I, [2014-06-25T19:10:54.628454 #8745]  INFO -- : 0:  database_cleaner (1.3.0) from /Users/edwardelliott/.rvm/gems/ruby-2.0.0-p353/specifications/database_cleaner-1.3.0.gemspec
I, [2014-06-25T19:10:54.628723 #8745]  INFO -- : 0:  factory_girl (4.4.0) from /Users/edwardelliott/.rvm/gems/ruby-2.0.0-p353/specifications/factory_girl-4.4.0.gemspec
I, [2014-06-25T19:10:54.629002 #8745]  INFO -- : 0:  multipart-post (2.0.0) from /Users/edwardelliott/.rvm/gems/ruby-2.0.0-p353/specifications/multipart-post-2.0.0.gemspec
I, [2014-06-25T19:10:54.629449 #8745]  INFO -- : 0:  faraday (0.9.0) from /Users/edwardelliott/.rvm/gems/ruby-2.0.0-p353/specifications/faraday-0.9.0.gemspec
I, [2014-06-25T19:10:54.629825 #8745]  INFO -- : 0:  jwt (1.0.0) from /Users/edwardelliott/.rvm/gems/ruby-2.0.0-p353/specifications/jwt-1.0.0.gemspec
I, [2014-06-25T19:10:54.630103 #8745]  INFO -- : 0:  launchy (2.4.2) from /Users/edwardelliott/.rvm/gems/ruby-2.0.0-p353/specifications/launchy-2.4.2.gemspec
I, [2014-06-25T19:10:54.630331 #8745]  INFO -- : 0:  retriable (1.4.1) from /Users/edwardelliott/.rvm/gems/ruby-2.0.0-p353/specifications/retriable-1.4.1.gemspec
I, [2014-06-25T19:10:54.630573 #8745]  INFO -- : 0:  signet (0.5.1) from /Users/edwardelliott/.rvm/gems/ruby-2.0.0-p353/specifications/signet-0.5.1.gemspec
I, [2014-06-25T19:10:54.630821 #8745]  INFO -- : 0:  uuidtools (2.1.4) from /Users/edwardelliott/.rvm/gems/ruby-2.0.0-p353/specifications/uuidtools-2.1.4.gemspec
I, [2014-06-25T19:10:54.631059 #8745]  INFO -- : 0:  google-api-client (0.7.1) from /Users/edwardelliott/.rvm/gems/ruby-2.0.0-p353/specifications/google-api-client-0.7.1.gemspec
I, [2014-06-25T19:10:54.631342 #8745]  INFO -- : 0:  websocket-driver (0.3.3) from /Users/edwardelliott/.rvm/gems/ruby-2.0.0-p353/specifications/websocket-driver-0.3.3.gemspec
I, [2014-06-25T19:10:54.631626 #8745]  INFO -- : 0:  poltergeist (1.5.1) from /Users/edwardelliott/.rvm/gems/ruby-2.0.0-p353/specifications/poltergeist-1.5.1.gemspec
I, [2014-06-25T19:10:54.631891 #8745]  INFO -- : 0:  rack-protection (1.5.3) from /Users/edwardelliott/.rvm/gems/ruby-2.0.0-p353/specifications/rack-protection-1.5.3.gemspec
I, [2014-06-25T19:10:54.632170 #8745]  INFO -- : 0:  rspec-core (2.99.1) from /Users/edwardelliott/.rvm/gems/ruby-2.0.0-p353/specifications/rspec-core-2.99.1.gemspec
I, [2014-06-25T19:10:54.632450 #8745]  INFO -- : 0:  rspec-expectations (2.99.1) from /Users/edwardelliott/.rvm/gems/ruby-2.0.0-p353/specifications/rspec-expectations-2.99.1.gemspec
I, [2014-06-25T19:10:54.632724 #8745]  INFO -- : 0:  rspec-mocks (2.99.1) from /Users/edwardelliott/.rvm/gems/ruby-2.0.0-p353/specifications/rspec-mocks-2.99.1.gemspec
I, [2014-06-25T19:10:54.632965 #8745]  INFO -- : 0:  rspec (2.99.0) from /Users/edwardelliott/.rvm/gems/ruby-2.0.0-p353/specifications/rspec-2.99.0.gemspec
I, [2014-06-25T19:10:54.633208 #8745]  INFO -- : 0:  rubyzip (1.1.4) from /Users/edwardelliott/.rvm/gems/ruby-2.0.0-p353/specifications/rubyzip-1.1.4.gemspec
I, [2014-06-25T19:10:54.633432 #8745]  INFO -- : 0:  websocket (1.0.7) from /Users/edwardelliott/.rvm/gems/ruby-2.0.0-p353/specifications/websocket-1.0.7.gemspec
I, [2014-06-25T19:10:54.633690 #8745]  INFO -- : 0:  selenium-webdriver (2.42.0) from /Users/edwardelliott/.rvm/gems/ruby-2.0.0-p353/specifications/selenium-webdriver-2.42.0.gemspec
I, [2014-06-25T19:10:54.633924 #8745]  INFO -- : 0:  shotgun (0.9) from /Users/edwardelliott/.rvm/gems/ruby-2.0.0-p353/specifications/shotgun-0.9.gemspec
I, [2014-06-25T19:10:54.634168 #8745]  INFO -- : 0:  tilt (1.4.1) from /Users/edwardelliott/.rvm/gems/ruby-2.0.0-p353/specifications/tilt-1.4.1.gemspec
I, [2014-06-25T19:10:54.634424 #8745]  INFO -- : 0:  sinatra (1.4.5) from /Users/edwardelliott/.rvm/gems/ruby-2.0.0-p353/specifications/sinatra-1.4.5.gemspec
I, [2014-06-25T19:10:54.634662 #8745]  INFO -- : 0:  sqlite3 (1.3.9) from /Users/edwardelliott/.rvm/gems/ruby-2.0.0-p353/specifications/sqlite3-1.3.9.gemspec
I, [2014-06-25T19:10:54.634874 #8745]  INFO -- : 0:  bundler (1.5.1) from /Users/edwardelliott/.rvm/gems/ruby-2.0.0-p353/specifications/bundler-1.5.1.gemspec
I, [2014-06-25T19:17:41.946295 #8879]  INFO -- : 0:  rake (10.3.2) from /Users/edwardelliott/.rvm/gems/ruby-2.0.0-p353/specifications/rake-10.3.2.gemspec
I, [2014-06-25T19:17:41.946742 #8879]  INFO -- : 0:  i18n (0.6.9) from /Users/edwardelliott/.rvm/gems/ruby-2.0.0-p353/specifications/i18n-0.6.9.gemspec
I, [2014-06-25T19:17:41.946992 #8879]  INFO -- : 0:  json (1.8.1) from /Users/edwardelliott/.rvm/gems/ruby-2.0.0-p353/specifications/json-1.8.1.gemspec
I, [2014-06-25T19:17:41.947257 #8879]  INFO -- : 0:  minitest (5.3.5) from /Users/edwardelliott/.rvm/gems/ruby-2.0.0-p353/specifications/minitest-5.3.5.gemspec
I, [2014-06-25T19:17:41.947473 #8879]  INFO -- : 0:  thread_safe (0.3.4) from /Users/edwardelliott/.rvm/gems/ruby-2.0.0-p353/specifications/thread_safe-0.3.4.gemspec
I, [2014-06-25T19:17:41.947696 #8879]  INFO -- : 0:  tzinfo (1.2.1) from /Users/edwardelliott/.rvm/gems/ruby-2.0.0-p353/specifications/tzinfo-1.2.1.gemspec
I, [2014-06-25T19:17:41.947937 #8879]  INFO -- : 0:  activesupport (4.1.1) from /Users/edwardelliott/.rvm/gems/ruby-2.0.0-p353/specifications/activesupport-4.1.1.gemspec
I, [2014-06-25T19:17:41.948166 #8879]  INFO -- : 0:  addressable (2.3.6) from /Users/edwardelliott/.rvm/gems/ruby-2.0.0-p353/specifications/addressable-2.3.6.gemspec
I, [2014-06-25T19:17:41.948447 #8879]  INFO -- : 0:  extlib (0.9.16) from /Users/edwardelliott/.rvm/gems/ruby-2.0.0-p353/specifications/extlib-0.9.16.gemspec
I, [2014-06-25T19:17:41.957660 #8879]  INFO -- : 0:  multi_json (1.10.1) from /Users/edwardelliott/.rvm/gems/ruby-2.0.0-p353/specifications/multi_json-1.10.1.gemspec
I, [2014-06-25T19:17:41.958044 #8879]  INFO -- : 0:  autoparse (0.3.3) from /Users/edwardelliott/.rvm/gems/ruby-2.0.0-p353/specifications/autoparse-0.3.3.gemspec
I, [2014-06-25T19:17:41.958343 #8879]  INFO -- : 0:  coderay (1.1.0) from /Users/edwardelliott/.rvm/gems/ruby-2.0.0-p353/specifications/coderay-1.1.0.gemspec
I, [2014-06-25T19:17:41.958597 #8879]  INFO -- : 0:  erubis (2.7.0) from /Users/edwardelliott/.rvm/gems/ruby-2.0.0-p353/specifications/erubis-2.7.0.gemspec
I, [2014-06-25T19:17:41.958845 #8879]  INFO -- : 0:  better_errors (1.1.0) from /Users/edwardelliott/.rvm/gems/ruby-2.0.0-p353/specifications/better_errors-1.1.0.gemspec
I, [2014-06-25T19:17:41.959091 #8879]  INFO -- : 0:  debug_inspector (0.0.2) from /Users/edwardelliott/.rvm/gems/ruby-2.0.0-p353/specifications/debug_inspector-0.0.2.gemspec
I, [2014-06-25T19:17:41.959327 #8879]  INFO -- : 0:  binding_of_caller (0.7.2) from /Users/edwardelliott/.rvm/gems/ruby-2.0.0-p353/specifications/binding_of_caller-0.7.2.gemspec
I, [2014-06-25T19:17:41.959605 #8879]  INFO -- : 0:  builder (3.2.2) from /Users/edwardelliott/.rvm/gems/ruby-2.0.0-p353/specifications/builder-3.2.2.gemspec
I, [2014-06-25T19:17:41.959863 #8879]  INFO -- : 0:  columnize (0.8.9) from /Users/edwardelliott/.rvm/gems/ruby-2.0.0-p353/specifications/columnize-0.8.9.gemspec
I, [2014-06-25T19:17:41.960127 #8879]  INFO -- : 0:  debugger-linecache (1.2.0) from /Users/edwardelliott/.rvm/gems/ruby-2.0.0-p353/specifications/debugger-linecache-1.2.0.gemspec
I, [2014-06-25T19:17:41.960436 #8879]  INFO -- : 0:  byebug (3.1.2) from /Users/edwardelliott/.rvm/gems/ruby-2.0.0-p353/specifications/byebug-3.1.2.gemspec
I, [2014-06-25T19:17:41.960697 #8879]  INFO -- : 0:  mime-types (2.3) from /Users/edwardelliott/.rvm/gems/ruby-2.0.0-p353/specifications/mime-types-2.3.gemspec
I, [2014-06-25T19:17:41.960939 #8879]  INFO -- : 0:  mini_portile (0.6.0) from /Users/edwardelliott/.rvm/gems/ruby-2.0.0-p353/specifications/mini_portile-0.6.0.gemspec
I, [2014-06-25T19:17:41.961285 #8879]  INFO -- : 0:  nokogiri (1.6.2.1) from /Users/edwardelliott/.rvm/gems/ruby-2.0.0-p353/specifications/nokogiri-1.6.2.1.gemspec
I, [2014-06-25T19:17:41.961785 #8879]  INFO -- : 0:  rack (1.5.2) from /Users/edwardelliott/.rvm/gems/ruby-2.0.0-p353/specifications/rack-1.5.2.gemspec
I, [2014-06-25T19:17:41.962118 #8879]  INFO -- : 0:  rack-test (0.6.2) from /Users/edwardelliott/.rvm/gems/ruby-2.0.0-p353/specifications/rack-test-0.6.2.gemspec
I, [2014-06-25T19:17:41.962384 #8879]  INFO -- : 0:  xpath (2.0.0) from /Users/edwardelliott/.rvm/gems/ruby-2.0.0-p353/specifications/xpath-2.0.0.gemspec
I, [2014-06-25T19:17:41.962653 #8879]  INFO -- : 0:  capybara (2.3.0) from /Users/edwardelliott/.rvm/gems/ruby-2.0.0-p353/specifications/capybara-2.3.0.gemspec
I, [2014-06-25T19:17:41.962897 #8879]  INFO -- : 0:  ffi (1.9.3) from /Users/edwardelliott/.rvm/gems/ruby-2.0.0-p353/specifications/ffi-1.9.3.gemspec
I, [2014-06-25T19:17:41.963152 #8879]  INFO -- : 0:  childprocess (0.5.3) from /Users/edwardelliott/.rvm/gems/ruby-2.0.0-p353/specifications/childprocess-0.5.3.gemspec
I, [2014-06-25T19:17:41.963405 #8879]  INFO -- : 0:  cliver (0.3.2) from /Users/edwardelliott/.rvm/gems/ruby-2.0.0-p353/specifications/cliver-0.3.2.gemspec
I, [2014-06-25T19:17:41.963662 #8879]  INFO -- : 0:  diff-lcs (1.2.5) from /Users/edwardelliott/.rvm/gems/ruby-2.0.0-p353/specifications/diff-lcs-1.2.5.gemspec
I, [2014-06-25T19:17:41.963921 #8879]  INFO -- : 0:  gherkin (2.12.2) from /Users/edwardelliott/.rvm/gems/ruby-2.0.0-p353/specifications/gherkin-2.12.2.gemspec
I, [2014-06-25T19:17:41.964250 #8879]  INFO -- : 0:  multi_test (0.1.1) from /Users/edwardelliott/.rvm/gems/ruby-2.0.0-p353/specifications/multi_test-0.1.1.gemspec
I, [2014-06-25T19:17:41.964517 #8879]  INFO -- : 0:  cucumber (1.3.15) from /Users/edwardelliott/.rvm/gems/ruby-2.0.0-p353/specifications/cucumber-1.3.15.gemspec
I, [2014-06-25T19:17:41.964726 #8879]  INFO -- : 0:  highline (1.6.21) from /Users/edwardelliott/.rvm/gems/ruby-2.0.0-p353/specifications/highline-1.6.21.gemspec
I, [2014-06-25T19:17:41.964916 #8879]  INFO -- : 0:  templater (1.0.0) from /Users/edwardelliott/.rvm/gems/ruby-2.0.0-p353/specifications/templater-1.0.0.gemspec
I, [2014-06-25T19:17:41.965106 #8879]  INFO -- : 0:  cucumber-sinatra (0.5.0) from /Users/edwardelliott/.rvm/gems/ruby-2.0.0-p353/specifications/cucumber-sinatra-0.5.0.gemspec
I, [2014-06-25T19:17:41.965296 #8879]  INFO -- : 0:  database_cleaner (1.3.0) from /Users/edwardelliott/.rvm/gems/ruby-2.0.0-p353/specifications/database_cleaner-1.3.0.gemspec
I, [2014-06-25T19:17:41.965494 #8879]  INFO -- : 0:  factory_girl (4.4.0) from /Users/edwardelliott/.rvm/gems/ruby-2.0.0-p353/specifications/factory_girl-4.4.0.gemspec
I, [2014-06-25T19:17:41.965675 #8879]  INFO -- : 0:  multipart-post (2.0.0) from /Users/edwardelliott/.rvm/gems/ruby-2.0.0-p353/specifications/multipart-post-2.0.0.gemspec
I, [2014-06-25T19:17:41.965859 #8879]  INFO -- : 0:  faraday (0.9.0) from /Users/edwardelliott/.rvm/gems/ruby-2.0.0-p353/specifications/faraday-0.9.0.gemspec
I, [2014-06-25T19:17:41.966052 #8879]  INFO -- : 0:  jwt (1.0.0) from /Users/edwardelliott/.rvm/gems/ruby-2.0.0-p353/specifications/jwt-1.0.0.gemspec
I, [2014-06-25T19:17:41.966246 #8879]  INFO -- : 0:  launchy (2.4.2) from /Users/edwardelliott/.rvm/gems/ruby-2.0.0-p353/specifications/launchy-2.4.2.gemspec
I, [2014-06-25T19:17:41.966428 #8879]  INFO -- : 0:  retriable (1.4.1) from /Users/edwardelliott/.rvm/gems/ruby-2.0.0-p353/specifications/retriable-1.4.1.gemspec
I, [2014-06-25T19:17:41.966650 #8879]  INFO -- : 0:  signet (0.5.1) from /Users/edwardelliott/.rvm/gems/ruby-2.0.0-p353/specifications/signet-0.5.1.gemspec
I, [2014-06-25T19:17:41.966895 #8879]  INFO -- : 0:  uuidtools (2.1.4) from /Users/edwardelliott/.rvm/gems/ruby-2.0.0-p353/specifications/uuidtools-2.1.4.gemspec
I, [2014-06-25T19:17:41.967177 #8879]  INFO -- : 0:  google-api-client (0.7.1) from /Users/edwardelliott/.rvm/gems/ruby-2.0.0-p353/specifications/google-api-client-0.7.1.gemspec
I, [2014-06-25T19:17:41.967528 #8879]  INFO -- : 0:  websocket-driver (0.3.3) from /Users/edwardelliott/.rvm/gems/ruby-2.0.0-p353/specifications/websocket-driver-0.3.3.gemspec
I, [2014-06-25T19:17:41.967830 #8879]  INFO -- : 0:  poltergeist (1.5.1) from /Users/edwardelliott/.rvm/gems/ruby-2.0.0-p353/specifications/poltergeist-1.5.1.gemspec
I, [2014-06-25T19:17:41.968108 #8879]  INFO -- : 0:  rack-protection (1.5.3) from /Users/edwardelliott/.rvm/gems/ruby-2.0.0-p353/specifications/rack-protection-1.5.3.gemspec
I, [2014-06-25T19:17:41.968419 #8879]  INFO -- : 0:  rspec-core (2.99.1) from /Users/edwardelliott/.rvm/gems/ruby-2.0.0-p353/specifications/rspec-core-2.99.1.gemspec
I, [2014-06-25T19:17:41.968716 #8879]  INFO -- : 0:  rspec-expectations (2.99.1) from /Users/edwardelliott/.rvm/gems/ruby-2.0.0-p353/specifications/rspec-expectations-2.99.1.gemspec
I, [2014-06-25T19:17:41.969002 #8879]  INFO -- : 0:  rspec-mocks (2.99.1) from /Users/edwardelliott/.rvm/gems/ruby-2.0.0-p353/specifications/rspec-mocks-2.99.1.gemspec
I, [2014-06-25T19:17:41.969247 #8879]  INFO -- : 0:  rspec (2.99.0) from /Users/edwardelliott/.rvm/gems/ruby-2.0.0-p353/specifications/rspec-2.99.0.gemspec
I, [2014-06-25T19:17:41.969549 #8879]  INFO -- : 0:  rubyzip (1.1.4) from /Users/edwardelliott/.rvm/gems/ruby-2.0.0-p353/specifications/rubyzip-1.1.4.gemspec
I, [2014-06-25T19:17:41.969864 #8879]  INFO -- : 0:  websocket (1.0.7) from /Users/edwardelliott/.rvm/gems/ruby-2.0.0-p353/specifications/websocket-1.0.7.gemspec
I, [2014-06-25T19:17:41.970157 #8879]  INFO -- : 0:  selenium-webdriver (2.42.0) from /Users/edwardelliott/.rvm/gems/ruby-2.0.0-p353/specifications/selenium-webdriver-2.42.0.gemspec
I, [2014-06-25T19:17:41.970458 #8879]  INFO -- : 0:  shotgun (0.9) from /Users/edwardelliott/.rvm/gems/ruby-2.0.0-p353/specifications/shotgun-0.9.gemspec
I, [2014-06-25T19:17:41.970697 #8879]  INFO -- : 0:  tilt (1.4.1) from /Users/edwardelliott/.rvm/gems/ruby-2.0.0-p353/specifications/tilt-1.4.1.gemspec
I, [2014-06-25T19:17:41.970923 #8879]  INFO -- : 0:  sinatra (1.4.5) from /Users/edwardelliott/.rvm/gems/ruby-2.0.0-p353/specifications/sinatra-1.4.5.gemspec
I, [2014-06-25T19:17:41.971169 #8879]  INFO -- : 0:  sinatra-partial (0.4.0) from /Users/edwardelliott/.rvm/gems/ruby-2.0.0-p353/specifications/sinatra-partial-0.4.0.gemspec
I, [2014-06-25T19:17:41.971432 #8879]  INFO -- : 0:  sqlite3 (1.3.9) from /Users/edwardelliott/.rvm/gems/ruby-2.0.0-p353/specifications/sqlite3-1.3.9.gemspec
I, [2014-06-25T19:17:41.971691 #8879]  INFO -- : 0:  bundler (1.5.1) from /Users/edwardelliott/.rvm/gems/ruby-2.0.0-p353/specifications/bundler-1.5.1.gemspec
I, [2014-06-26T18:52:15.830903 #12896]  INFO -- : 0:  rake (10.3.2) from /Users/edwardelliott/.rvm/gems/ruby-2.0.0-p353/specifications/rake-10.3.2.gemspec
I, [2014-06-26T18:52:15.831668 #12896]  INFO -- : 0:  i18n (0.6.9) from /Users/edwardelliott/.rvm/gems/ruby-2.0.0-p353/specifications/i18n-0.6.9.gemspec
I, [2014-06-26T18:52:15.831936 #12896]  INFO -- : 0:  json (1.8.1) from /Users/edwardelliott/.rvm/gems/ruby-2.0.0-p353/specifications/json-1.8.1.gemspec
I, [2014-06-26T18:52:15.832175 #12896]  INFO -- : 0:  minitest (5.3.5) from /Users/edwardelliott/.rvm/gems/ruby-2.0.0-p353/specifications/minitest-5.3.5.gemspec
I, [2014-06-26T18:52:15.832413 #12896]  INFO -- : 0:  thread_safe (0.3.4) from /Users/edwardelliott/.rvm/gems/ruby-2.0.0-p353/specifications/thread_safe-0.3.4.gemspec
I, [2014-06-26T18:52:15.832702 #12896]  INFO -- : 0:  tzinfo (1.2.1) from /Users/edwardelliott/.rvm/gems/ruby-2.0.0-p353/specifications/tzinfo-1.2.1.gemspec
I, [2014-06-26T18:52:15.833314 #12896]  INFO -- : 0:  activesupport (4.1.1) from /Users/edwardelliott/.rvm/gems/ruby-2.0.0-p353/specifications/activesupport-4.1.1.gemspec
I, [2014-06-26T18:52:15.833586 #12896]  INFO -- : 0:  addressable (2.3.6) from /Users/edwardelliott/.rvm/gems/ruby-2.0.0-p353/specifications/addressable-2.3.6.gemspec
I, [2014-06-26T18:52:15.833815 #12896]  INFO -- : 0:  extlib (0.9.16) from /Users/edwardelliott/.rvm/gems/ruby-2.0.0-p353/specifications/extlib-0.9.16.gemspec
I, [2014-06-26T18:52:15.834049 #12896]  INFO -- : 0:  multi_json (1.10.1) from /Users/edwardelliott/.rvm/gems/ruby-2.0.0-p353/specifications/multi_json-1.10.1.gemspec
I, [2014-06-26T18:52:15.834273 #12896]  INFO -- : 0:  autoparse (0.3.3) from /Users/edwardelliott/.rvm/gems/ruby-2.0.0-p353/specifications/autoparse-0.3.3.gemspec
I, [2014-06-26T18:52:15.834494 #12896]  INFO -- : 0:  coderay (1.1.0) from /Users/edwardelliott/.rvm/gems/ruby-2.0.0-p353/specifications/coderay-1.1.0.gemspec
I, [2014-06-26T18:52:15.834713 #12896]  INFO -- : 0:  erubis (2.7.0) from /Users/edwardelliott/.rvm/gems/ruby-2.0.0-p353/specifications/erubis-2.7.0.gemspec
I, [2014-06-26T18:52:15.834937 #12896]  INFO -- : 0:  better_errors (1.1.0) from /Users/edwardelliott/.rvm/gems/ruby-2.0.0-p353/specifications/better_errors-1.1.0.gemspec
I, [2014-06-26T18:52:15.835159 #12896]  INFO -- : 0:  debug_inspector (0.0.2) from /Users/edwardelliott/.rvm/gems/ruby-2.0.0-p353/specifications/debug_inspector-0.0.2.gemspec
I, [2014-06-26T18:52:15.835388 #12896]  INFO -- : 0:  binding_of_caller (0.7.2) from /Users/edwardelliott/.rvm/gems/ruby-2.0.0-p353/specifications/binding_of_caller-0.7.2.gemspec
I, [2014-06-26T18:52:15.835622 #12896]  INFO -- : 0:  builder (3.2.2) from /Users/edwardelliott/.rvm/gems/ruby-2.0.0-p353/specifications/builder-3.2.2.gemspec
I, [2014-06-26T18:52:15.835842 #12896]  INFO -- : 0:  columnize (0.8.9) from /Users/edwardelliott/.rvm/gems/ruby-2.0.0-p353/specifications/columnize-0.8.9.gemspec
I, [2014-06-26T18:52:15.836076 #12896]  INFO -- : 0:  debugger-linecache (1.2.0) from /Users/edwardelliott/.rvm/gems/ruby-2.0.0-p353/specifications/debugger-linecache-1.2.0.gemspec
I, [2014-06-26T18:52:15.836301 #12896]  INFO -- : 0:  byebug (3.1.2) from /Users/edwardelliott/.rvm/gems/ruby-2.0.0-p353/specifications/byebug-3.1.2.gemspec
I, [2014-06-26T18:52:15.836541 #12896]  INFO -- : 0:  mime-types (2.3) from /Users/edwardelliott/.rvm/gems/ruby-2.0.0-p353/specifications/mime-types-2.3.gemspec
I, [2014-06-26T18:52:15.836777 #12896]  INFO -- : 0:  mini_portile (0.6.0) from /Users/edwardelliott/.rvm/gems/ruby-2.0.0-p353/specifications/mini_portile-0.6.0.gemspec
I, [2014-06-26T18:52:15.836971 #12896]  INFO -- : 0:  nokogiri (1.6.2.1) from /Users/edwardelliott/.rvm/gems/ruby-2.0.0-p353/specifications/nokogiri-1.6.2.1.gemspec
I, [2014-06-26T18:52:15.837148 #12896]  INFO -- : 0:  rack (1.5.2) from /Users/edwardelliott/.rvm/gems/ruby-2.0.0-p353/specifications/rack-1.5.2.gemspec
I, [2014-06-26T18:52:15.837325 #12896]  INFO -- : 0:  rack-test (0.6.2) from /Users/edwardelliott/.rvm/gems/ruby-2.0.0-p353/specifications/rack-test-0.6.2.gemspec
I, [2014-06-26T18:52:15.837499 #12896]  INFO -- : 0:  xpath (2.0.0) from /Users/edwardelliott/.rvm/gems/ruby-2.0.0-p353/specifications/xpath-2.0.0.gemspec
I, [2014-06-26T18:52:15.837682 #12896]  INFO -- : 0:  capybara (2.3.0) from /Users/edwardelliott/.rvm/gems/ruby-2.0.0-p353/specifications/capybara-2.3.0.gemspec
I, [2014-06-26T18:52:15.837855 #12896]  INFO -- : 0:  ffi (1.9.3) from /Users/edwardelliott/.rvm/gems/ruby-2.0.0-p353/specifications/ffi-1.9.3.gemspec
I, [2014-06-26T18:52:15.838035 #12896]  INFO -- : 0:  childprocess (0.5.3) from /Users/edwardelliott/.rvm/gems/ruby-2.0.0-p353/specifications/childprocess-0.5.3.gemspec
I, [2014-06-26T18:52:15.838211 #12896]  INFO -- : 0:  cliver (0.3.2) from /Users/edwardelliott/.rvm/gems/ruby-2.0.0-p353/specifications/cliver-0.3.2.gemspec
I, [2014-06-26T18:52:15.838468 #12896]  INFO -- : 0:  diff-lcs (1.2.5) from /Users/edwardelliott/.rvm/gems/ruby-2.0.0-p353/specifications/diff-lcs-1.2.5.gemspec
I, [2014-06-26T18:52:15.838705 #12896]  INFO -- : 0:  gherkin (2.12.2) from /Users/edwardelliott/.rvm/gems/ruby-2.0.0-p353/specifications/gherkin-2.12.2.gemspec
I, [2014-06-26T18:52:15.838937 #12896]  INFO -- : 0:  multi_test (0.1.1) from /Users/edwardelliott/.rvm/gems/ruby-2.0.0-p353/specifications/multi_test-0.1.1.gemspec
I, [2014-06-26T18:52:15.839165 #12896]  INFO -- : 0:  cucumber (1.3.15) from /Users/edwardelliott/.rvm/gems/ruby-2.0.0-p353/specifications/cucumber-1.3.15.gemspec
I, [2014-06-26T18:52:15.839388 #12896]  INFO -- : 0:  highline (1.6.21) from /Users/edwardelliott/.rvm/gems/ruby-2.0.0-p353/specifications/highline-1.6.21.gemspec
I, [2014-06-26T18:52:15.839608 #12896]  INFO -- : 0:  templater (1.0.0) from /Users/edwardelliott/.rvm/gems/ruby-2.0.0-p353/specifications/templater-1.0.0.gemspec
I, [2014-06-26T18:52:15.839839 #12896]  INFO -- : 0:  cucumber-sinatra (0.5.0) from /Users/edwardelliott/.rvm/gems/ruby-2.0.0-p353/specifications/cucumber-sinatra-0.5.0.gemspec
I, [2014-06-26T18:52:15.840114 #12896]  INFO -- : 0:  database_cleaner (1.3.0) from /Users/edwardelliott/.rvm/gems/ruby-2.0.0-p353/specifications/database_cleaner-1.3.0.gemspec
I, [2014-06-26T18:52:15.840406 #12896]  INFO -- : 0:  factory_girl (4.4.0) from /Users/edwardelliott/.rvm/gems/ruby-2.0.0-p353/specifications/factory_girl-4.4.0.gemspec
I, [2014-06-26T18:52:15.840655 #12896]  INFO -- : 0:  multipart-post (2.0.0) from /Users/edwardelliott/.rvm/gems/ruby-2.0.0-p353/specifications/multipart-post-2.0.0.gemspec
I, [2014-06-26T18:52:15.840884 #12896]  INFO -- : 0:  faraday (0.9.0) from /Users/edwardelliott/.rvm/gems/ruby-2.0.0-p353/specifications/faraday-0.9.0.gemspec
I, [2014-06-26T18:52:15.841108 #12896]  INFO -- : 0:  jwt (1.0.0) from /Users/edwardelliott/.rvm/gems/ruby-2.0.0-p353/specifications/jwt-1.0.0.gemspec
I, [2014-06-26T18:52:15.841316 #12896]  INFO -- : 0:  launchy (2.4.2) from /Users/edwardelliott/.rvm/gems/ruby-2.0.0-p353/specifications/launchy-2.4.2.gemspec
I, [2014-06-26T18:52:15.841495 #12896]  INFO -- : 0:  retriable (1.4.1) from /Users/edwardelliott/.rvm/gems/ruby-2.0.0-p353/specifications/retriable-1.4.1.gemspec
I, [2014-06-26T18:52:15.841675 #12896]  INFO -- : 0:  signet (0.5.1) from /Users/edwardelliott/.rvm/gems/ruby-2.0.0-p353/specifications/signet-0.5.1.gemspec
I, [2014-06-26T18:52:15.841850 #12896]  INFO -- : 0:  uuidtools (2.1.4) from /Users/edwardelliott/.rvm/gems/ruby-2.0.0-p353/specifications/uuidtools-2.1.4.gemspec
I, [2014-06-26T18:52:15.842025 #12896]  INFO -- : 0:  google-api-client (0.7.1) from /Users/edwardelliott/.rvm/gems/ruby-2.0.0-p353/specifications/google-api-client-0.7.1.gemspec
I, [2014-06-26T18:52:15.842205 #12896]  INFO -- : 0:  websocket-driver (0.3.3) from /Users/edwardelliott/.rvm/gems/ruby-2.0.0-p353/specifications/websocket-driver-0.3.3.gemspec
I, [2014-06-26T18:52:15.842384 #12896]  INFO -- : 0:  poltergeist (1.5.1) from /Users/edwardelliott/.rvm/gems/ruby-2.0.0-p353/specifications/poltergeist-1.5.1.gemspec
I, [2014-06-26T18:52:15.842563 #12896]  INFO -- : 0:  rack-protection (1.5.3) from /Users/edwardelliott/.rvm/gems/ruby-2.0.0-p353/specifications/rack-protection-1.5.3.gemspec
I, [2014-06-26T18:52:15.842774 #12896]  INFO -- : 0:  rspec-core (2.99.1) from /Users/edwardelliott/.rvm/gems/ruby-2.0.0-p353/specifications/rspec-core-2.99.1.gemspec
I, [2014-06-26T18:52:15.842992 #12896]  INFO -- : 0:  rspec-expectations (2.99.1) from /Users/edwardelliott/.rvm/gems/ruby-2.0.0-p353/specifications/rspec-expectations-2.99.1.gemspec
I, [2014-06-26T18:52:15.843200 #12896]  INFO -- : 0:  rspec-mocks (2.99.1) from /Users/edwardelliott/.rvm/gems/ruby-2.0.0-p353/specifications/rspec-mocks-2.99.1.gemspec
I, [2014-06-26T18:52:15.843397 #12896]  INFO -- : 0:  rspec (2.99.0) from /Users/edwardelliott/.rvm/gems/ruby-2.0.0-p353/specifications/rspec-2.99.0.gemspec
I, [2014-06-26T18:52:15.843592 #12896]  INFO -- : 0:  rubyzip (1.1.4) from /Users/edwardelliott/.rvm/gems/ruby-2.0.0-p353/specifications/rubyzip-1.1.4.gemspec
I, [2014-06-26T18:52:15.843780 #12896]  INFO -- : 0:  websocket (1.0.7) from /Users/edwardelliott/.rvm/gems/ruby-2.0.0-p353/specifications/websocket-1.0.7.gemspec
I, [2014-06-26T18:52:15.843995 #12896]  INFO -- : 0:  selenium-webdriver (2.42.0) from /Users/edwardelliott/.rvm/gems/ruby-2.0.0-p353/specifications/selenium-webdriver-2.42.0.gemspec
I, [2014-06-26T18:52:15.844226 #12896]  INFO -- : 0:  shotgun (0.9) from /Users/edwardelliott/.rvm/gems/ruby-2.0.0-p353/specifications/shotgun-0.9.gemspec
I, [2014-06-26T18:52:15.844451 #12896]  INFO -- : 0:  tilt (1.4.1) from /Users/edwardelliott/.rvm/gems/ruby-2.0.0-p353/specifications/tilt-1.4.1.gemspec
I, [2014-06-26T18:52:15.844674 #12896]  INFO -- : 0:  sinatra (1.4.5) from /Users/edwardelliott/.rvm/gems/ruby-2.0.0-p353/specifications/sinatra-1.4.5.gemspec
I, [2014-06-26T18:52:15.844894 #12896]  INFO -- : 0:  sinatra-partial (0.4.0) from /Users/edwardelliott/.rvm/gems/ruby-2.0.0-p353/specifications/sinatra-partial-0.4.0.gemspec
I, [2014-06-26T18:52:15.845113 #12896]  INFO -- : 0:  sqlite3 (1.3.9) from /Users/edwardelliott/.rvm/gems/ruby-2.0.0-p353/specifications/sqlite3-1.3.9.gemspec
I, [2014-06-26T18:52:15.845325 #12896]  INFO -- : 0:  bundler (1.5.1) from /Users/edwardelliott/.rvm/gems/ruby-2.0.0-p353/specifications/bundler-1.5.1.gemspec
I, [2014-06-26T19:03:13.431710 #13329]  INFO -- : 0:  rake (10.3.2) from /Users/edwardelliott/.rvm/gems/ruby-2.0.0-p353/specifications/rake-10.3.2.gemspec
I, [2014-06-26T19:03:13.432067 #13329]  INFO -- : 0:  i18n (0.6.9) from /Users/edwardelliott/.rvm/gems/ruby-2.0.0-p353/specifications/i18n-0.6.9.gemspec
I, [2014-06-26T19:03:13.432341 #13329]  INFO -- : 0:  json (1.8.1) from /Users/edwardelliott/.rvm/gems/ruby-2.0.0-p353/specifications/json-1.8.1.gemspec
I, [2014-06-26T19:03:13.432605 #13329]  INFO -- : 0:  minitest (5.3.5) from /Users/edwardelliott/.rvm/gems/ruby-2.0.0-p353/specifications/minitest-5.3.5.gemspec
I, [2014-06-26T19:03:13.432845 #13329]  INFO -- : 0:  thread_safe (0.3.4) from /Users/edwardelliott/.rvm/gems/ruby-2.0.0-p353/specifications/thread_safe-0.3.4.gemspec
I, [2014-06-26T19:03:13.433082 #13329]  INFO -- : 0:  tzinfo (1.2.1) from /Users/edwardelliott/.rvm/gems/ruby-2.0.0-p353/specifications/tzinfo-1.2.1.gemspec
I, [2014-06-26T19:03:13.433317 #13329]  INFO -- : 0:  activesupport (4.1.1) from /Users/edwardelliott/.rvm/gems/ruby-2.0.0-p353/specifications/activesupport-4.1.1.gemspec
I, [2014-06-26T19:03:13.433549 #13329]  INFO -- : 0:  addressable (2.3.6) from /Users/edwardelliott/.rvm/gems/ruby-2.0.0-p353/specifications/addressable-2.3.6.gemspec
I, [2014-06-26T19:03:13.433777 #13329]  INFO -- : 0:  extlib (0.9.16) from /Users/edwardelliott/.rvm/gems/ruby-2.0.0-p353/specifications/extlib-0.9.16.gemspec
I, [2014-06-26T19:03:13.434016 #13329]  INFO -- : 0:  multi_json (1.10.1) from /Users/edwardelliott/.rvm/gems/ruby-2.0.0-p353/specifications/multi_json-1.10.1.gemspec
I, [2014-06-26T19:03:13.434319 #13329]  INFO -- : 0:  autoparse (0.3.3) from /Users/edwardelliott/.rvm/gems/ruby-2.0.0-p353/specifications/autoparse-0.3.3.gemspec
I, [2014-06-26T19:03:13.434586 #13329]  INFO -- : 0:  bcrypt (3.1.7) from /Users/edwardelliott/.rvm/gems/ruby-2.0.0-p353/specifications/bcrypt-3.1.7.gemspec
I, [2014-06-26T19:03:13.434833 #13329]  INFO -- : 0:  bcrypt-ruby (3.1.5) from /Users/edwardelliott/.rvm/gems/ruby-2.0.0-p353/specifications/bcrypt-ruby-3.1.5.gemspec
I, [2014-06-26T19:03:13.435070 #13329]  INFO -- : 0:  coderay (1.1.0) from /Users/edwardelliott/.rvm/gems/ruby-2.0.0-p353/specifications/coderay-1.1.0.gemspec
I, [2014-06-26T19:03:13.435308 #13329]  INFO -- : 0:  erubis (2.7.0) from /Users/edwardelliott/.rvm/gems/ruby-2.0.0-p353/specifications/erubis-2.7.0.gemspec
I, [2014-06-26T19:03:13.435546 #13329]  INFO -- : 0:  better_errors (1.1.0) from /Users/edwardelliott/.rvm/gems/ruby-2.0.0-p353/specifications/better_errors-1.1.0.gemspec
I, [2014-06-26T19:03:13.435780 #13329]  INFO -- : 0:  debug_inspector (0.0.2) from /Users/edwardelliott/.rvm/gems/ruby-2.0.0-p353/specifications/debug_inspector-0.0.2.gemspec
I, [2014-06-26T19:03:13.436017 #13329]  INFO -- : 0:  binding_of_caller (0.7.2) from /Users/edwardelliott/.rvm/gems/ruby-2.0.0-p353/specifications/binding_of_caller-0.7.2.gemspec
I, [2014-06-26T19:03:13.436268 #13329]  INFO -- : 0:  builder (3.2.2) from /Users/edwardelliott/.rvm/gems/ruby-2.0.0-p353/specifications/builder-3.2.2.gemspec
I, [2014-06-26T19:03:13.436506 #13329]  INFO -- : 0:  columnize (0.8.9) from /Users/edwardelliott/.rvm/gems/ruby-2.0.0-p353/specifications/columnize-0.8.9.gemspec
I, [2014-06-26T19:03:13.436742 #13329]  INFO -- : 0:  debugger-linecache (1.2.0) from /Users/edwardelliott/.rvm/gems/ruby-2.0.0-p353/specifications/debugger-linecache-1.2.0.gemspec
I, [2014-06-26T19:03:13.436977 #13329]  INFO -- : 0:  byebug (3.1.2) from /Users/edwardelliott/.rvm/gems/ruby-2.0.0-p353/specifications/byebug-3.1.2.gemspec
I, [2014-06-26T19:03:13.437224 #13329]  INFO -- : 0:  mime-types (2.3) from /Users/edwardelliott/.rvm/gems/ruby-2.0.0-p353/specifications/mime-types-2.3.gemspec
I, [2014-06-26T19:03:13.437467 #13329]  INFO -- : 0:  mini_portile (0.6.0) from /Users/edwardelliott/.rvm/gems/ruby-2.0.0-p353/specifications/mini_portile-0.6.0.gemspec
I, [2014-06-26T19:03:13.437706 #13329]  INFO -- : 0:  nokogiri (1.6.2.1) from /Users/edwardelliott/.rvm/gems/ruby-2.0.0-p353/specifications/nokogiri-1.6.2.1.gemspec
I, [2014-06-26T19:03:13.437936 #13329]  INFO -- : 0:  rack (1.5.2) from /Users/edwardelliott/.rvm/gems/ruby-2.0.0-p353/specifications/rack-1.5.2.gemspec
I, [2014-06-26T19:03:13.438165 #13329]  INFO -- : 0:  rack-test (0.6.2) from /Users/edwardelliott/.rvm/gems/ruby-2.0.0-p353/specifications/rack-test-0.6.2.gemspec
I, [2014-06-26T19:03:13.438394 #13329]  INFO -- : 0:  xpath (2.0.0) from /Users/edwardelliott/.rvm/gems/ruby-2.0.0-p353/specifications/xpath-2.0.0.gemspec
I, [2014-06-26T19:03:13.438634 #13329]  INFO -- : 0:  capybara (2.3.0) from /Users/edwardelliott/.rvm/gems/ruby-2.0.0-p353/specifications/capybara-2.3.0.gemspec
I, [2014-06-26T19:03:13.438867 #13329]  INFO -- : 0:  ffi (1.9.3) from /Users/edwardelliott/.rvm/gems/ruby-2.0.0-p353/specifications/ffi-1.9.3.gemspec
I, [2014-06-26T19:03:13.439104 #13329]  INFO -- : 0:  childprocess (0.5.3) from /Users/edwardelliott/.rvm/gems/ruby-2.0.0-p353/specifications/childprocess-0.5.3.gemspec
I, [2014-06-26T19:03:13.439338 #13329]  INFO -- : 0:  cliver (0.3.2) from /Users/edwardelliott/.rvm/gems/ruby-2.0.0-p353/specifications/cliver-0.3.2.gemspec
I, [2014-06-26T19:03:13.439570 #13329]  INFO -- : 0:  diff-lcs (1.2.5) from /Users/edwardelliott/.rvm/gems/ruby-2.0.0-p353/specifications/diff-lcs-1.2.5.gemspec
I, [2014-06-26T19:03:13.439800 #13329]  INFO -- : 0:  gherkin (2.12.2) from /Users/edwardelliott/.rvm/gems/ruby-2.0.0-p353/specifications/gherkin-2.12.2.gemspec
I, [2014-06-26T19:03:13.440036 #13329]  INFO -- : 0:  multi_test (0.1.1) from /Users/edwardelliott/.rvm/gems/ruby-2.0.0-p353/specifications/multi_test-0.1.1.gemspec
I, [2014-06-26T19:03:13.440272 #13329]  INFO -- : 0:  cucumber (1.3.15) from /Users/edwardelliott/.rvm/gems/ruby-2.0.0-p353/specifications/cucumber-1.3.15.gemspec
I, [2014-06-26T19:03:13.440579 #13329]  INFO -- : 0:  highline (1.6.21) from /Users/edwardelliott/.rvm/gems/ruby-2.0.0-p353/specifications/highline-1.6.21.gemspec
I, [2014-06-26T19:03:13.440901 #13329]  INFO -- : 0:  templater (1.0.0) from /Users/edwardelliott/.rvm/gems/ruby-2.0.0-p353/specifications/templater-1.0.0.gemspec
I, [2014-06-26T19:03:13.441368 #13329]  INFO -- : 0:  cucumber-sinatra (0.5.0) from /Users/edwardelliott/.rvm/gems/ruby-2.0.0-p353/specifications/cucumber-sinatra-0.5.0.gemspec
I, [2014-06-26T19:03:13.441727 #13329]  INFO -- : 0:  dm-core (1.2.1) from /Users/edwardelliott/.rvm/gems/ruby-2.0.0-p353/specifications/dm-core-1.2.1.gemspec
I, [2014-06-26T19:03:13.442069 #13329]  INFO -- : 0:  dm-aggregates (1.2.0) from /Users/edwardelliott/.rvm/gems/ruby-2.0.0-p353/specifications/dm-aggregates-1.2.0.gemspec
I, [2014-06-26T19:03:13.442412 #13329]  INFO -- : 0:  dm-constraints (1.2.0) from /Users/edwardelliott/.rvm/gems/ruby-2.0.0-p353/specifications/dm-constraints-1.2.0.gemspec
I, [2014-06-26T19:03:13.442731 #13329]  INFO -- : 0:  dm-migrations (1.2.0) from /Users/edwardelliott/.rvm/gems/ruby-2.0.0-p353/specifications/dm-migrations-1.2.0.gemspec
I, [2014-06-26T19:03:13.443100 #13329]  INFO -- : 0:  fastercsv (1.5.5) from /Users/edwardelliott/.rvm/gems/ruby-2.0.0-p353/specifications/fastercsv-1.5.5.gemspec
I, [2014-06-26T19:03:13.443453 #13329]  INFO -- : 0:  json_pure (1.8.1) from /Users/edwardelliott/.rvm/gems/ruby-2.0.0-p353/specifications/json_pure-1.8.1.gemspec
I, [2014-06-26T19:03:13.443777 #13329]  INFO -- : 0:  dm-serializer (1.2.2) from /Users/edwardelliott/.rvm/gems/ruby-2.0.0-p353/specifications/dm-serializer-1.2.2.gemspec
I, [2014-06-26T19:03:13.444133 #13329]  INFO -- : 0:  dm-timestamps (1.2.0) from /Users/edwardelliott/.rvm/gems/ruby-2.0.0-p353/specifications/dm-timestamps-1.2.0.gemspec
I, [2014-06-26T19:03:13.444491 #13329]  INFO -- : 0:  dm-transactions (1.2.0) from /Users/edwardelliott/.rvm/gems/ruby-2.0.0-p353/specifications/dm-transactions-1.2.0.gemspec
I, [2014-06-26T19:03:13.444730 #13329]  INFO -- : 0:  stringex (1.5.1) from /Users/edwardelliott/.rvm/gems/ruby-2.0.0-p353/specifications/stringex-1.5.1.gemspec
I, [2014-06-26T19:03:13.444999 #13329]  INFO -- : 0:  uuidtools (2.1.4) from /Users/edwardelliott/.rvm/gems/ruby-2.0.0-p353/specifications/uuidtools-2.1.4.gemspec
I, [2014-06-26T19:03:13.445249 #13329]  INFO -- : 0:  dm-types (1.2.2) from /Users/edwardelliott/.rvm/gems/ruby-2.0.0-p353/specifications/dm-types-1.2.2.gemspec
I, [2014-06-26T19:03:13.445486 #13329]  INFO -- : 0:  dm-validations (1.2.0) from /Users/edwardelliott/.rvm/gems/ruby-2.0.0-p353/specifications/dm-validations-1.2.0.gemspec
I, [2014-06-26T19:03:13.445750 #13329]  INFO -- : 0:  data_mapper (1.2.0) from /Users/edwardelliott/.rvm/gems/ruby-2.0.0-p353/specifications/data_mapper-1.2.0.gemspec
I, [2014-06-26T19:03:13.445995 #13329]  INFO -- : 0:  data_objects (0.10.14) from /Users/edwardelliott/.rvm/gems/ruby-2.0.0-p353/specifications/data_objects-0.10.14.gemspec
I, [2014-06-26T19:03:13.446240 #13329]  INFO -- : 0:  database_cleaner (1.3.0) from /Users/edwardelliott/.rvm/gems/ruby-2.0.0-p353/specifications/database_cleaner-1.3.0.gemspec
I, [2014-06-26T19:03:13.446481 #13329]  INFO -- : 0:  dm-do-adapter (1.2.0) from /Users/edwardelliott/.rvm/gems/ruby-2.0.0-p353/specifications/dm-do-adapter-1.2.0.gemspec
I, [2014-06-26T19:03:13.446725 #13329]  INFO -- : 0:  do_postgres (0.10.14) from /Users/edwardelliott/.rvm/gems/ruby-2.0.0-p353/specifications/do_postgres-0.10.14.gemspec
I, [2014-06-26T19:03:13.446963 #13329]  INFO -- : 0:  dm-postgres-adapter (1.2.0) from /Users/edwardelliott/.rvm/gems/ruby-2.0.0-p353/specifications/dm-postgres-adapter-1.2.0.gemspec
I, [2014-06-26T19:03:13.447206 #13329]  INFO -- : 0:  factory_girl (4.4.0) from /Users/edwardelliott/.rvm/gems/ruby-2.0.0-p353/specifications/factory_girl-4.4.0.gemspec
I, [2014-06-26T19:03:13.447445 #13329]  INFO -- : 0:  multipart-post (2.0.0) from /Users/edwardelliott/.rvm/gems/ruby-2.0.0-p353/specifications/multipart-post-2.0.0.gemspec
I, [2014-06-26T19:03:13.447688 #13329]  INFO -- : 0:  faraday (0.9.0) from /Users/edwardelliott/.rvm/gems/ruby-2.0.0-p353/specifications/faraday-0.9.0.gemspec
I, [2014-06-26T19:03:13.447927 #13329]  INFO -- : 0:  jwt (1.0.0) from /Users/edwardelliott/.rvm/gems/ruby-2.0.0-p353/specifications/jwt-1.0.0.gemspec
I, [2014-06-26T19:03:13.448156 #13329]  INFO -- : 0:  launchy (2.4.2) from /Users/edwardelliott/.rvm/gems/ruby-2.0.0-p353/specifications/launchy-2.4.2.gemspec
I, [2014-06-26T19:03:13.448389 #13329]  INFO -- : 0:  retriable (1.4.1) from /Users/edwardelliott/.rvm/gems/ruby-2.0.0-p353/specifications/retriable-1.4.1.gemspec
I, [2014-06-26T19:03:13.448651 #13329]  INFO -- : 0:  signet (0.5.1) from /Users/edwardelliott/.rvm/gems/ruby-2.0.0-p353/specifications/signet-0.5.1.gemspec
I, [2014-06-26T19:03:13.448889 #13329]  INFO -- : 0:  google-api-client (0.7.1) from /Users/edwardelliott/.rvm/gems/ruby-2.0.0-p353/specifications/google-api-client-0.7.1.gemspec
I, [2014-06-26T19:03:13.449129 #13329]  INFO -- : 0:  pg (0.17.1) from /Users/edwardelliott/.rvm/gems/ruby-2.0.0-p353/specifications/pg-0.17.1.gemspec
I, [2014-06-26T19:03:13.449372 #13329]  INFO -- : 0:  websocket-driver (0.3.3) from /Users/edwardelliott/.rvm/gems/ruby-2.0.0-p353/specifications/websocket-driver-0.3.3.gemspec
I, [2014-06-26T19:03:13.449626 #13329]  INFO -- : 0:  poltergeist (1.5.1) from /Users/edwardelliott/.rvm/gems/ruby-2.0.0-p353/specifications/poltergeist-1.5.1.gemspec
I, [2014-06-26T19:03:13.449875 #13329]  INFO -- : 0:  rack-protection (1.5.3) from /Users/edwardelliott/.rvm/gems/ruby-2.0.0-p353/specifications/rack-protection-1.5.3.gemspec
I, [2014-06-26T19:03:13.450127 #13329]  INFO -- : 0:  rspec-core (2.99.1) from /Users/edwardelliott/.rvm/gems/ruby-2.0.0-p353/specifications/rspec-core-2.99.1.gemspec
I, [2014-06-26T19:03:13.450400 #13329]  INFO -- : 0:  rspec-expectations (2.99.1) from /Users/edwardelliott/.rvm/gems/ruby-2.0.0-p353/specifications/rspec-expectations-2.99.1.gemspec
I, [2014-06-26T19:03:13.450653 #13329]  INFO -- : 0:  rspec-mocks (2.99.1) from /Users/edwardelliott/.rvm/gems/ruby-2.0.0-p353/specifications/rspec-mocks-2.99.1.gemspec
I, [2014-06-26T19:03:13.450896 #13329]  INFO -- : 0:  rspec (2.99.0) from /Users/edwardelliott/.rvm/gems/ruby-2.0.0-p353/specifications/rspec-2.99.0.gemspec
I, [2014-06-26T19:03:13.451135 #13329]  INFO -- : 0:  rubyzip (1.1.4) from /Users/edwardelliott/.rvm/gems/ruby-2.0.0-p353/specifications/rubyzip-1.1.4.gemspec
I, [2014-06-26T19:03:13.451372 #13329]  INFO -- : 0:  websocket (1.0.7) from /Users/edwardelliott/.rvm/gems/ruby-2.0.0-p353/specifications/websocket-1.0.7.gemspec
I, [2014-06-26T19:03:13.451651 #13329]  INFO -- : 0:  selenium-webdriver (2.42.0) from /Users/edwardelliott/.rvm/gems/ruby-2.0.0-p353/specifications/selenium-webdriver-2.42.0.gemspec
I, [2014-06-26T19:03:13.451864 #13329]  INFO -- : 0:  shotgun (0.9) from /Users/edwardelliott/.rvm/gems/ruby-2.0.0-p353/specifications/shotgun-0.9.gemspec
I, [2014-06-26T19:03:13.452075 #13329]  INFO -- : 0:  tilt (1.4.1) from /Users/edwardelliott/.rvm/gems/ruby-2.0.0-p353/specifications/tilt-1.4.1.gemspec
I, [2014-06-26T19:03:13.452426 #13329]  INFO -- : 0:  sinatra (1.4.5) from /Users/edwardelliott/.rvm/gems/ruby-2.0.0-p353/specifications/sinatra-1.4.5.gemspec
I, [2014-06-26T19:03:13.452731 #13329]  INFO -- : 0:  sinatra-partial (0.4.0) from /Users/edwardelliott/.rvm/gems/ruby-2.0.0-p353/specifications/sinatra-partial-0.4.0.gemspec
I, [2014-06-26T19:03:13.453001 #13329]  INFO -- : 0:  sqlite3 (1.3.9) from /Users/edwardelliott/.rvm/gems/ruby-2.0.0-p353/specifications/sqlite3-1.3.9.gemspec
I, [2014-06-26T19:03:13.453375 #13329]  INFO -- : 0:  bundler (1.5.1) from /Users/edwardelliott/.rvm/gems/ruby-2.0.0-p353/specifications/bundler-1.5.1.gemspec
